0 info it worked if it ends with ok
1 verbose cli [ '/usr/local/bin/node', '/usr/local/bin/npm', 'publish' ]
2 info using npm@3.10.3
3 info using node@v6.4.0
4 verbose publish [ '.' ]
5 silly cache add args [ '.', null ]
6 verbose cache add spec .
7 silly cache add parsed spec Result {
7 silly cache add   raw: '.',
7 silly cache add   scope: null,
7 silly cache add   escapedName: null,
7 silly cache add   name: null,
7 silly cache add   rawSpec: '.',
7 silly cache add   spec: '/Users/hakim/Data/Hakim/google-trends',
7 silly cache add   type: 'directory' }
8 verbose addLocalDirectory /Users/hakim/.npm/express-google-trends/0.1.0/package.tgz not in flight; packing
9 verbose correctMkdir /Users/hakim/.npm correctMkdir not in flight; initializing
10 info lifecycle express-google-trends@0.1.0~prepublish: express-google-trends@0.1.0
11 silly lifecycle express-google-trends@0.1.0~prepublish: no script for prepublish, continuing
12 verbose tar pack [ '/Users/hakim/.npm/express-google-trends/0.1.0/package.tgz',
12 verbose tar pack   '/Users/hakim/Data/Hakim/google-trends' ]
13 verbose tarball /Users/hakim/.npm/express-google-trends/0.1.0/package.tgz
14 verbose folder /Users/hakim/Data/Hakim/google-trends
15 verbose addLocalTarball adding from inside cache /Users/hakim/.npm/express-google-trends/0.1.0/package.tgz
16 verbose correctMkdir /Users/hakim/.npm correctMkdir not in flight; initializing
17 silly cache afterAdd express-google-trends@0.1.0
18 verbose afterAdd /Users/hakim/.npm/express-google-trends/0.1.0/package/package.json not in flight; writing
19 verbose correctMkdir /Users/hakim/.npm correctMkdir not in flight; initializing
20 verbose afterAdd /Users/hakim/.npm/express-google-trends/0.1.0/package/package.json written
21 silly publish { name: 'express-google-trends',
21 silly publish   version: '0.1.0',
21 silly publish   description: '## Requirements * node >= 6.4.0',
21 silly publish   main: 'index.js',
21 silly publish   scripts: { start: 'nodemon index.js' },
21 silly publish   author: '',
21 silly publish   license: 'ISC',
21 silly publish   dependencies:
21 silly publish    { 'body-parser': '^1.19.0',
21 silly publish      express: '^4.17.1',
21 silly publish      'google-trends-api': '^4.9.0' },
21 silly publish   devDependencies: { nodemon: '^1.19.2' },
21 silly publish   gitHead: '99f1408e461c89fdc4990390224b4ed58509b18d',
21 silly publish   readme: '### Express Google trends\n\n## Requirements\n* node >= 6.4.0\n\n\n\n---\n\ninstall\n\n```\nnpm i\n\n```\n\nrun server with\n\n```\nnpm run start\n\n```\n\nMore usage informations on\n* https://www.npmjs.com/package/google-trends-api\n\n\nExample usage\n\nPOST\n```\n{\n\t"options": {\n\t\t"keyword"   :"christmas",\n\t\t"startTime" : "2010-01-01T00:00:00.000Z"\n\t}\n}\n```\n\nAPI ressources\n\n* POST /autoComplete\n\nUsage\n```\n{\n  keyword: \'Back to School\'\n}\n```\n* POST /autoComplete\n\nUsage\n```\n{\n  keyword: \'Back to School\'\n}\n```\n* POST /dailyTrends\n\n```\n{\n  geo: //optional, string or array, Ex [\'US-CA-800\'],\n  hl : //optional, string, language code, defaults to english.\n  timezone : //optional, number defaults to the time zone difference, in minutes, from UTC to current locale (host system settings),\n  trendDate: //optional, Date (max 15 days in the past)\n}\n```\n\n* POST /interestOverTime\n\n```\n{\n  keyword: //required string,\n  startTime: //optional Date,\n  endTime: //optional Date,\n  hl : //optional language code default to english\n  timezone : /optional number (defaults to the time zone difference, in minutes, from UTC to current locale (host system settings)\n  category : /optional number category list [category lists](https://github.com/pat310/google-trends-api/wiki/Google-Trends-Categories) (defaults to all categories)\n  geo: //optional, string or array, Ex [\'US-CA-800\'],\n  granularTimeResolution : //optional boolean if true finer time resolution, relevant with startTime, endTime\n}\n```\n\n* POST /interestByRegion\n\n```\n{\n  keyword: //required string,\n  startTime: //optional Date,\n  endTime: //optional Date,\n  geo: //optional, string or array, Ex [\'US-CA-800\'],\n  resolution: //optional ["COUNTRY", "REGION", "CITY", "DMA"]\n  hl : //optional language code default to english\n  timezone : /optional number (defaults to the time zone difference, in minutes, from UTC to current locale (host system settings)\n  category : /optional number category list [category lists](https://github.com/pat310/google-trends-api/wiki/Google-Trends-Categories) (defaults to all categories)\n}\n```\n\n* POST /relatedQueries\n\n```\n{\n  keyword: //required string,\n  startTime: //optional Date,\n  endTime: //optional Date,\n  geo: //optional, string or array, Ex [\'US-CA-800\'],\n  resolution: //optional ["COUNTRY", "REGION", "CITY", "DMA"]\n  hl : //optional language code default to english\n  timezone : /optional number (defaults to the time zone difference, in minutes, from UTC to current locale (host system settings)\n  category : /optional number category list [category lists](https://github.com/pat310/google-trends-api/wiki/Google-Trends-Categories) (defaults to all categories)\n}\n```\n',
21 silly publish   readmeFilename: 'readme.md',
21 silly publish   _id: 'express-google-trends@0.1.0',
21 silly publish   _shasum: 'c104b1992a701288426d8479aadee09726f85f2a',
21 silly publish   _from: '.' }
22 verbose getPublishConfig undefined
23 silly mapToRegistry name express-google-trends
24 silly mapToRegistry using default registry
25 silly mapToRegistry registry http://registry.npmjs.org/
26 silly mapToRegistry data Result {
26 silly mapToRegistry   raw: 'express-google-trends',
26 silly mapToRegistry   scope: null,
26 silly mapToRegistry   escapedName: 'express-google-trends',
26 silly mapToRegistry   name: 'express-google-trends',
26 silly mapToRegistry   rawSpec: '',
26 silly mapToRegistry   spec: 'latest',
26 silly mapToRegistry   type: 'tag' }
27 silly mapToRegistry uri http://registry.npmjs.org/express-google-trends
28 verbose publish registryBase http://registry.npmjs.org/
29 silly publish uploading /Users/hakim/.npm/express-google-trends/0.1.0/package.tgz
30 verbose request uri http://registry.npmjs.org/express-google-trends
31 verbose request sending authorization for write operation
32 info attempt registry request try #1 at 7:18:24 AM
33 verbose request using bearer token for auth
34 verbose request id aca72757ddc37737
35 http request PUT http://registry.npmjs.org/express-google-trends
36 http 401 http://registry.npmjs.org/express-google-trends
37 verbose headers { date: 'Mon, 09 Sep 2019 05:18:24 GMT',
37 verbose headers   'content-type': 'application/json',
37 verbose headers   'content-length': '54',
37 verbose headers   connection: 'keep-alive',
37 verbose headers   'set-cookie': [ '__cfduid=dcbcfb3a4e32984f6d4f6d2f4dc09dff21568006304; expires=Tue, 08-Sep-20 05:18:24 GMT; path=/; domain=.npmjs.org; HttpOnly' ],
37 verbose headers   'cf-ray': '5136b3894908cda3-CDG',
37 verbose headers   'expect-ct': 'max-age=604800, report-uri="https://report-uri.cloudflare.com/cdn-cgi/beacon/expect-ct"',
37 verbose headers   vary: 'Accept-Encoding',
37 verbose headers   server: 'cloudflare' }
38 verbose request invalidating /Users/hakim/.npm/registry.npmjs.org/express-google-trends on PUT
39 error publish Failed PUT 401
40 verbose stack Error: You must be logged in to publish packages. : express-google-trends
40 verbose stack     at makeError (/usr/local/lib/node_modules/npm/node_modules/npm-registry-client/lib/request.js:264:12)
40 verbose stack     at CachingRegistryClient.<anonymous> (/usr/local/lib/node_modules/npm/node_modules/npm-registry-client/lib/request.js:252:14)
40 verbose stack     at Request._callback (/usr/local/lib/node_modules/npm/node_modules/npm-registry-client/lib/request.js:172:14)
40 verbose stack     at Request.self.callback (/usr/local/lib/node_modules/npm/node_modules/request/request.js:200:22)
40 verbose stack     at emitTwo (events.js:106:13)
40 verbose stack     at Request.emit (events.js:191:7)
40 verbose stack     at Request.<anonymous> (/usr/local/lib/node_modules/npm/node_modules/request/request.js:1067:10)
40 verbose stack     at emitOne (events.js:101:20)
40 verbose stack     at Request.emit (events.js:188:7)
40 verbose stack     at IncomingMessage.<anonymous> (/usr/local/lib/node_modules/npm/node_modules/request/request.js:988:12)
41 verbose statusCode 401
42 verbose pkgid express-google-trends
43 verbose cwd /Users/hakim/Data/Hakim/google-trends
44 error Darwin 17.7.0
45 error argv "/usr/local/bin/node" "/usr/local/bin/npm" "publish"
46 error node v6.4.0
47 error npm  v3.10.3
48 error code E401
49 error You must be logged in to publish packages. : express-google-trends
50 error If you need help, you may report this error at:
50 error     <https://github.com/npm/npm/issues>
51 verbose exit [ 1, true ]
